<testsuites id="" name="" tests="28" failures="0" skipped="28" errors="0" time="15.715387999999999">
<testsuite name="search.spec.ts" timestamp="2026-01-12T11:17:50.652Z" hostname="chromium" tests="28" failures="0" skipped="28" time="23.425" errors="0">
<testcase name="Search and Filters — Ski Holidays › TC-001 — Validate minimum nights filter (2 nights)" classname="search.spec.ts" time="11.659">
<skipped>
</skipped>
</testcase>
<testcase name="Search and Filters — Ski Holidays › TC-002 — Validate default nights filter (7 nights)" classname="search.spec.ts" time="11.766">
<skipped>
</skipped>
</testcase>
<testcase name="Search and Filters — Ski Holidays › TC-003 — Validate maximum nights filter (13 nights)" classname="search.spec.ts" time="0">
<skipped>
</skipped>
</testcase>
<testcase name="Search and Filters — Ski Holidays › TC-004 — Validate open maximum nights filter (14+ nights)" classname="search.spec.ts" time="0">
<skipped>
</skipped>
</testcase>
<testcase name="Search and Filters — Ski Holidays › TC-007 — Validate country with many properties (France)" classname="search.spec.ts" time="0">
<skipped>
</skipped>
</testcase>
<testcase name="Search and Filters — Ski Holidays › TC-008 — Validate country with few properties (USA)" classname="search.spec.ts" time="0">
<skipped>
</skipped>
</testcase>
<testcase name="Search and Filters — Ski Holidays › TC-009 — Validate 7 nights + France combination" classname="search.spec.ts" time="0">
<skipped>
</skipped>
</testcase>
<testcase name="Search and Filters — Ski Holidays › TC-010 — Validate 14+ nights + USA combination" classname="search.spec.ts" time="0">
<skipped>
</skipped>
</testcase>
<testcase name="Search and Filters — Ski Holidays › TC-011 — Validate results per page change (10 → 20)" classname="search.spec.ts" time="0">
<skipped>
</skipped>
</testcase>
<testcase name="Search and Filters — Ski Holidays › TC-012 — Validate pagination (next page)" classname="search.spec.ts" time="0">
<skipped>
</skipped>
</testcase>
<testcase name="Search and Filters — Ski Holidays › TC-013 — Validate sorting (Iglu recommends → Price Low to High)" classname="search.spec.ts" time="0">
<skipped>
</skipped>
</testcase>
<testcase name="Search and Filters — Ski Holidays › TC-014 — Extremes: 2 minimums and 2 maximums" classname="search.spec.ts" time="0">
<skipped>
</skipped>
</testcase>
<testcase name="Search and Filters — Ski Holidays › TC-015 — Validate minimum travelers (1 adult, 0 children)" classname="search.spec.ts" time="0">
<skipped>
</skipped>
</testcase>
<testcase name="Search and Filters — Ski Holidays › TC-016 — Validate maximum travelers (30+ adults, 10 children)" classname="search.spec.ts" time="0">
<skipped>
</skipped>
</testcase>
<testcase name="Search and Filters — Ski Holidays › TC-017 — Validate accommodation filter (Hotel)" classname="search.spec.ts" time="0">
<skipped>
</skipped>
</testcase>
<testcase name="Search and Filters — Ski Holidays › TC-018 — Validate board basis filter (Self catered)" classname="search.spec.ts" time="0">
<skipped>
</skipped>
</testcase>
<testcase name="Search and Filters — Ski Holidays › TC-019 — Validate rating filter (5 snowflakes)" classname="search.spec.ts" time="0">
<skipped>
</skipped>
</testcase>
<testcase name="Search and Filters — Ski Holidays › TC-020 — Validate property feature filter (WiFi)" classname="search.spec.ts" time="0">
<skipped>
</skipped>
</testcase>
<testcase name="Search and Filters — Ski Holidays › TC-021 — Validate ski area filter (The 3 Valleys)" classname="search.spec.ts" time="0">
<skipped>
</skipped>
</testcase>
<testcase name="Search and Filters — Ski Holidays › TC-022 — Validate resort filter (Val d&apos;Isère)" classname="search.spec.ts" time="0">
<skipped>
</skipped>
</testcase>
<testcase name="Search and Filters — Ski Holidays › TC-023 — Validate &quot;Clear all changes&quot; functionality" classname="search.spec.ts" time="0">
<skipped>
</skipped>
</testcase>
<testcase name="Search and Filters — Ski Holidays › TC-024 — Validate section &quot;clear&quot; button (Country)" classname="search.spec.ts" time="0">
<skipped>
</skipped>
</testcase>
<testcase name="Search and Filters — Ski Holidays › TC-025 — Validate URL parameter synchronization" classname="search.spec.ts" time="0">
<skipped>
</skipped>
</testcase>
<testcase name="Search and Filters — Ski Holidays › TC-026 — Validate multi-country selection (France + Austria + Italy)" classname="search.spec.ts" time="0">
<skipped>
</skipped>
</testcase>
<testcase name="Search and Filters — Ski Holidays › TC-027 — Validate individual country removal from multi-selection" classname="search.spec.ts" time="0">
<skipped>
</skipped>
</testcase>
<testcase name="Search and Filters — Ski Holidays › TC-028 — Validate multi-accommodation selection (Hotel + Chalet)" classname="search.spec.ts" time="0">
<skipped>
</skipped>
</testcase>
<testcase name="Search and Filters — Ski Holidays › TC-029 — Validate multi-board basis selection (Self Catered + Bed &amp; Breakfast)" classname="search.spec.ts" time="0">
<skipped>
</skipped>
</testcase>
<testcase name="Search and Filters — Ski Holidays › TC-030 — Validate multi-ski area selection (The 3 Valleys + Paradiski)" classname="search.spec.ts" time="0">
<skipped>
</skipped>
</testcase>
</testsuite>
</testsuites>